<?xml version="1.0" encoding="UTF-8"?>
<testsuite name="SiLab2Test" tests="1" skipped="0" failures="0" errors="0" timestamp="2021-06-20T18:13:48" hostname="DESKTOP-JSLC401" time="0.03">
  <properties/>
  <testcase name="multipleConditions()" classname="SiLab2Test" time="0.03"/>
  <system-out><![CDATA[]]></system-out>
  <system-err><![CDATA[]]></system-err>
</testsuite>
